<?xml version="1.0" encoding="UTF-8"?>
<testng-results ignored="0" total="1" passed="1" failed="0" skipped="0">
  <reporter-output>
  </reporter-output>
  <suite started-at="2025-06-08T00:56:41 IST" name="Default suite" finished-at="2025-06-08T00:56:52 IST" duration-ms="10662">
    <groups>
    </groups>
    <test started-at="2025-06-08T00:56:41 IST" name="Default test" finished-at="2025-06-08T00:56:52 IST" duration-ms="10662">
      <class name="tutorialsninjaRegister.TC_RF_009">
        <test-method signature="VerifyRegisteringAccountforExistingAccountdetails()[pri:0, instance:tutorialsninjaRegister.TC_RF_009@2a4fb17b]" started-at="2025-06-08T00:56:41 IST" name="VerifyRegisteringAccountforExistingAccountdetails" finished-at="2025-06-08T00:56:52 IST" duration-ms="10617" status="PASS">
          <reporter-output>
          </reporter-output>
        </test-method> <!-- VerifyRegisteringAccountforExistingAccountdetails -->
      </class> <!-- tutorialsninjaRegister.TC_RF_009 -->
    </test> <!-- Default test -->
  </suite> <!-- Default suite -->
</testng-results>
