<?xml version="1.0" encoding="UTF-8"?>
<testng-results ignored="0" total="1" passed="1" failed="0" skipped="0">
  <reporter-output>
  </reporter-output>
  <suite started-at="2025-06-09T23:18:16 IST" name="Default suite" finished-at="2025-06-09T23:18:29 IST" duration-ms="12518">
    <groups>
    </groups>
    <test started-at="2025-06-09T23:18:16 IST" name="Default test" finished-at="2025-06-09T23:18:29 IST" duration-ms="12518">
      <class name="tutorialsninjaRegister.TC_RF_010">
        <test-method signature="VerifyRegisteringAccountInvalidEmail()[pri:0, instance:tutorialsninjaRegister.TC_RF_010@7b2bbc3]" started-at="2025-06-09T23:18:16 IST" name="VerifyRegisteringAccountInvalidEmail" finished-at="2025-06-09T23:18:29 IST" duration-ms="12474" status="PASS">
          <reporter-output>
          </reporter-output>
        </test-method> <!-- VerifyRegisteringAccountInvalidEmail -->
      </class> <!-- tutorialsninjaRegister.TC_RF_010 -->
    </test> <!-- Default test -->
  </suite> <!-- Default suite -->
</testng-results>
